2025-04-20 11:32:18 Server started on port 8080, serving www
2025-04-20 11:32:51 Method: GET | Path: /caso1_imagen/index.html | Status: 200 OK | Content-Length: 230
2025-04-20 11:32:51 Method: GET | Path: /caso1_imagen/imagen.jpg | Status: 200 OK | Content-Length: 35581
2025-04-20 11:35:33 Shutting down server
2025-04-20 11:36:35 Server started on port 8080, serving www
2025-04-20 11:36:41 Method: GET | Path: /caso1_imagen/index.ht | Status: 404 Not Found | Content-Length: 48
2025-04-20 11:37:22 Method: GET | Path: /caso1_imagen/index.html | Status: 200 OK | Content-Length: 230
2025-04-20 11:37:22 Method: GET | Path: /caso1_imagen/imagen.jpg | Status: 200 OK | Content-Length: 35581
2025-04-20 11:37:52 POST body: Hola mundo desde POST
2025-04-20 11:37:52 Method: POST | Path: /test.html | Status: 200 OK | Content-Length: 48
2025-04-20 11:52:00 Method: HEAD | Path: /index.html | Status: 404 Not Found | Content-Length: 48
2025-04-20 11:52:53 Method: HEAD | Path: /caso1_imagen/index.html | Status: 200 OK | Content-Length: 230
2025-04-20 11:54:31 Responded 400 Bad Request
2025-04-20 11:55:23 Responded 400 Bad Request
2025-04-20 11:55:37 Responded 400 Bad Request
2025-04-20 11:56:21 Responded 400 Bad Request
2025-04-20 11:57:25 Responded 400 Bad Request
2025-04-20 11:57:37 Responded 400 Bad Request
2025-04-20 11:58:20 Responded 400 Bad Request
2025-04-20 12:00:05 Method: GET | Path: /index.html | Status: 404 Not Found | Content-Length: 48
2025-04-20 12:08:33 Shutting down server
2025-04-20 12:22:23 Server started on port 8080, serving www
2025-04-20 12:22:40 Method: GET | Path: /caso3_multi/script.js | Status: 200 OK | Content-Length: 105
2025-04-20 12:25:10 Method: GET | Path: /caso5_formulario/index.html | Status: 200 OK | Content-Length: 479
2025-04-20 12:25:20 POST body: nombre=santiago&email=mart2166%40hotmail.com
2025-04-20 12:25:20 Method: POST | Path: /procesar | Status: 200 OK | Content-Length: 48
2025-04-20 12:28:13 POST body: 
2025-04-20 12:28:13 Method: POST | Path: /procesar | Status: 200 OK | Content-Length: 48
2025-04-20 12:29:20 POST body: nombre=santiaguinhodfds&email=kxncsdfs12xl%40hotmail.com
2025-04-20 12:29:20 Method: POST | Path: /procesar | Status: 200 OK | Content-Length: 48
2025-04-20 12:29:49 Method: HEAD | Path: /caso1_imagen/index.html | Status: 200 OK | Content-Length: 230
2025-04-20 12:31:55 Method: GET | Path: /caso1_imagen/index.html | Status: 200 OK | Content-Length: 230
